[     138] Setting initial conditions
[     138] Starting time stepping
[     138] ==============================================================
[     138] Solving over interval [ 0.00000e+00, 5.00000e-01]
[     138] ==============================================================
[     138] ==============================================================
[     138] Solving over interval [ 5.00000e-01, 1.00000e+00]
[     138] ==============================================================
[     315] Setting initial conditions
[     315] Starting time stepping
[     315] ==============================================================
[     315] Solving over interval [ 0.00000e+00, 5.00000e-01]
[     315] ==============================================================
[     315] ==============================================================
[     315] Solving over interval [ 5.00000e-01, 1.00000e+00]
[     315] ==============================================================
[     492] Setting initial conditions
[     492] Starting time stepping
[     492] ==============================================================
[     492] Solving over interval [ 0.00000e+00, 5.00000e-01]
[     492] ==============================================================
[     492] ==============================================================
[     492] Solving over interval [ 5.00000e-01, 1.00000e+00]
[     492] ==============================================================
[     981] Setting initial conditions
[     981] Starting time stepping
[     981] ==============================================================
[     981] Solving over interval [ 0.00000e+00, 5.00000e-01]
[     981] ==============================================================
[     981] ==============================================================
[     981] Solving over interval [ 5.00000e-01, 1.00000e+00]
[     981] ==============================================================
